<?xml version="1.0" encoding="UTF-8"?>
<testsuite xmlns:xsi="http://www.w3.org/2001/XMLSchema-instance" xsi:noNamespaceSchemaLocation="https://maven.apache.org/surefire/maven-surefire-plugin/xsd/surefire-test-report-3.0.xsd" version="3.0" name="TestSuite" time="5.131" tests="3" errors="0" skipped="2" failures="1">
  <properties>
    <property name="java.specification.version" value="18"/>
    <property name="sun.cpu.isalist" value="amd64"/>
    <property name="sun.jnu.encoding" value="Cp1252"/>
    <property name="java.class.path" value="C:\VDFData\Anas\SeleniumProject\SeleniumProject\target\test-classes;C:\VDFData\Anas\SeleniumProject\SeleniumProject\target\classes;C:\Users\AbdElNaeemA2\.m2\repository\org\seleniumhq\selenium\selenium-java\4.11.0\selenium-java-4.11.0.jar;C:\Users\AbdElNaeemA2\.m2\repository\org\seleniumhq\selenium\selenium-api\4.11.0\selenium-api-4.11.0.jar;C:\Users\AbdElNaeemA2\.m2\repository\org\seleniumhq\selenium\selenium-chrome-driver\4.11.0\selenium-chrome-driver-4.11.0.jar;C:\Users\AbdElNaeemA2\.m2\repository\org\seleniumhq\selenium\selenium-chromium-driver\4.11.0\selenium-chromium-driver-4.11.0.jar;C:\Users\AbdElNaeemA2\.m2\repository\org\seleniumhq\selenium\selenium-devtools-v113\4.11.0\selenium-devtools-v113-4.11.0.jar;C:\Users\AbdElNaeemA2\.m2\repository\org\seleniumhq\selenium\selenium-devtools-v114\4.11.0\selenium-devtools-v114-4.11.0.jar;C:\Users\AbdElNaeemA2\.m2\repository\org\seleniumhq\selenium\selenium-devtools-v115\4.11.0\selenium-devtools-v115-4.11.0.jar;C:\Users\AbdElNaeemA2\.m2\repository\org\seleniumhq\selenium\selenium-devtools-v85\4.11.0\selenium-devtools-v85-4.11.0.jar;C:\Users\AbdElNaeemA2\.m2\repository\org\seleniumhq\selenium\selenium-edge-driver\4.11.0\selenium-edge-driver-4.11.0.jar;C:\Users\AbdElNaeemA2\.m2\repository\org\seleniumhq\selenium\selenium-firefox-driver\4.11.0\selenium-firefox-driver-4.11.0.jar;C:\Users\AbdElNaeemA2\.m2\repository\org\seleniumhq\selenium\selenium-ie-driver\4.11.0\selenium-ie-driver-4.11.0.jar;C:\Users\AbdElNaeemA2\.m2\repository\org\seleniumhq\selenium\selenium-safari-driver\4.11.0\selenium-safari-driver-4.11.0.jar;C:\Users\AbdElNaeemA2\.m2\repository\org\seleniumhq\selenium\selenium-support\4.11.0\selenium-support-4.11.0.jar;C:\Users\AbdElNaeemA2\.m2\repository\org\seleniumhq\selenium\selenium-remote-driver\4.11.0\selenium-remote-driver-4.11.0.jar;C:\Users\AbdElNaeemA2\.m2\repository\com\google\auto\service\auto-service-annotations\1.0.1\auto-service-annotations-1.0.1.jar;C:\Users\AbdElNaeemA2\.m2\repository\io\netty\netty-buffer\4.1.92.Final\netty-buffer-4.1.92.Final.jar;C:\Users\AbdElNaeemA2\.m2\repository\io\netty\netty-codec-http\4.1.92.Final\netty-codec-http-4.1.92.Final.jar;C:\Users\AbdElNaeemA2\.m2\repository\io\netty\netty-codec\4.1.92.Final\netty-codec-4.1.92.Final.jar;C:\Users\AbdElNaeemA2\.m2\repository\io\netty\netty-common\4.1.92.Final\netty-common-4.1.92.Final.jar;C:\Users\AbdElNaeemA2\.m2\repository\io\netty\netty-transport-classes-epoll\4.1.92.Final\netty-transport-classes-epoll-4.1.92.Final.jar;C:\Users\AbdElNaeemA2\.m2\repository\io\netty\netty-transport-classes-kqueue\4.1.92.Final\netty-transport-classes-kqueue-4.1.92.Final.jar;C:\Users\AbdElNaeemA2\.m2\repository\io\netty\netty-transport-native-epoll\4.1.92.Final\netty-transport-native-epoll-4.1.92.Final.jar;C:\Users\AbdElNaeemA2\.m2\repository\io\netty\netty-transport-native-kqueue\4.1.92.Final\netty-transport-native-kqueue-4.1.92.Final.jar;C:\Users\AbdElNaeemA2\.m2\repository\io\netty\netty-transport-native-unix-common\4.1.92.Final\netty-transport-native-unix-common-4.1.92.Final.jar;C:\Users\AbdElNaeemA2\.m2\repository\io\netty\netty-transport\4.1.92.Final\netty-transport-4.1.92.Final.jar;C:\Users\AbdElNaeemA2\.m2\repository\io\netty\netty-resolver\4.1.92.Final\netty-resolver-4.1.92.Final.jar;C:\Users\AbdElNaeemA2\.m2\repository\io\opentelemetry\opentelemetry-api\1.26.0\opentelemetry-api-1.26.0.jar;C:\Users\AbdElNaeemA2\.m2\repository\io\opentelemetry\opentelemetry-context\1.26.0\opentelemetry-context-1.26.0.jar;C:\Users\AbdElNaeemA2\.m2\repository\io\opentelemetry\opentelemetry-exporter-logging\1.26.0\opentelemetry-exporter-logging-1.26.0.jar;C:\Users\AbdElNaeemA2\.m2\repository\io\opentelemetry\opentelemetry-sdk-metrics\1.26.0\opentelemetry-sdk-metrics-1.26.0.jar;C:\Users\AbdElNaeemA2\.m2\repository\io\opentelemetry\opentelemetry-extension-incubator\1.26.0-alpha\opentelemetry-extension-incubator-1.26.0-alpha.jar;C:\Users\AbdElNaeemA2\.m2\repository\io\opentelemetry\opentelemetry-sdk-logs\1.26.0-alpha\opentelemetry-sdk-logs-1.26.0-alpha.jar;C:\Users\AbdElNaeemA2\.m2\repository\io\opentelemetry\opentelemetry-api-logs\1.26.0-alpha\opentelemetry-api-logs-1.26.0-alpha.jar;C:\Users\AbdElNaeemA2\.m2\repository\io\opentelemetry\opentelemetry-api-events\1.26.0-alpha\opentelemetry-api-events-1.26.0-alpha.jar;C:\Users\AbdElNaeemA2\.m2\repository\io\opentelemetry\opentelemetry-sdk-common\1.26.0\opentelemetry-sdk-common-1.26.0.jar;C:\Users\AbdElNaeemA2\.m2\repository\io\opentelemetry\opentelemetry-sdk-extension-autoconfigure-spi\1.26.0\opentelemetry-sdk-extension-autoconfigure-spi-1.26.0.jar;C:\Users\AbdElNaeemA2\.m2\repository\io\opentelemetry\opentelemetry-sdk-extension-autoconfigure\1.26.0-alpha\opentelemetry-sdk-extension-autoconfigure-1.26.0-alpha.jar;C:\Users\AbdElNaeemA2\.m2\repository\io\opentelemetry\opentelemetry-sdk-trace\1.26.0\opentelemetry-sdk-trace-1.26.0.jar;C:\Users\AbdElNaeemA2\.m2\repository\io\opentelemetry\opentelemetry-sdk\1.26.0\opentelemetry-sdk-1.26.0.jar;C:\Users\AbdElNaeemA2\.m2\repository\io\opentelemetry\opentelemetry-semconv\1.26.0-alpha\opentelemetry-semconv-1.26.0-alpha.jar;C:\Users\AbdElNaeemA2\.m2\repository\net\bytebuddy\byte-buddy\1.14.4\byte-buddy-1.14.4.jar;C:\Users\AbdElNaeemA2\.m2\repository\org\apache\commons\commons-exec\1.3\commons-exec-1.3.jar;C:\Users\AbdElNaeemA2\.m2\repository\org\asynchttpclient\async-http-client\2.12.3\async-http-client-2.12.3.jar;C:\Users\AbdElNaeemA2\.m2\repository\org\asynchttpclient\async-http-client-netty-utils\2.12.3\async-http-client-netty-utils-2.12.3.jar;C:\Users\AbdElNaeemA2\.m2\repository\io\netty\netty-codec-socks\4.1.60.Final\netty-codec-socks-4.1.60.Final.jar;C:\Users\AbdElNaeemA2\.m2\repository\io\netty\netty-handler-proxy\4.1.60.Final\netty-handler-proxy-4.1.60.Final.jar;C:\Users\AbdElNaeemA2\.m2\repository\io\netty\netty-transport-native-epoll\4.1.60.Final\netty-transport-native-epoll-4.1.60.Final-linux-x86_64.jar;C:\Users\AbdElNaeemA2\.m2\repository\io\netty\netty-transport-native-kqueue\4.1.60.Final\netty-transport-native-kqueue-4.1.60.Final-osx-x86_64.jar;C:\Users\AbdElNaeemA2\.m2\repository\org\reactivestreams\reactive-streams\1.0.3\reactive-streams-1.0.3.jar;C:\Users\AbdElNaeemA2\.m2\repository\com\typesafe\netty\netty-reactive-streams\2.0.4\netty-reactive-streams-2.0.4.jar;C:\Users\AbdElNaeemA2\.m2\repository\com\sun\activation\jakarta.activation\1.2.2\jakarta.activation-1.2.2.jar;C:\Users\AbdElNaeemA2\.m2\repository\org\seleniumhq\selenium\selenium-http\4.11.0\selenium-http-4.11.0.jar;C:\Users\AbdElNaeemA2\.m2\repository\org\seleniumhq\selenium\selenium-json\4.11.0\selenium-json-4.11.0.jar;C:\Users\AbdElNaeemA2\.m2\repository\org\seleniumhq\selenium\selenium-manager\4.11.0\selenium-manager-4.11.0.jar;C:\Users\AbdElNaeemA2\.m2\repository\org\seleniumhq\selenium\selenium-grid\4.11.0\selenium-grid-4.11.0.jar;C:\Users\AbdElNaeemA2\.m2\repository\com\beust\jcommander\1.82\jcommander-1.82.jar;C:\Users\AbdElNaeemA2\.m2\repository\com\graphql-java\graphql-java\20.2\graphql-java-20.2.jar;C:\Users\AbdElNaeemA2\.m2\repository\com\graphql-java\java-dataloader\3.2.0\java-dataloader-3.2.0.jar;C:\Users\AbdElNaeemA2\.m2\repository\dev\failsafe\failsafe\3.3.1\failsafe-3.3.1.jar;C:\Users\AbdElNaeemA2\.m2\repository\io\netty\netty-handler\4.1.92.Final\netty-handler-4.1.92.Final.jar;C:\Users\AbdElNaeemA2\.m2\repository\io\ous\jtoml\2.0.0\jtoml-2.0.0.jar;C:\Users\AbdElNaeemA2\.m2\repository\org\zeromq\jeromq\0.5.3\jeromq-0.5.3.jar;C:\Users\AbdElNaeemA2\.m2\repository\eu\neilalexander\jnacl\1.0.0\jnacl-1.0.0.jar;C:\Users\AbdElNaeemA2\.m2\repository\org\apache\poi\poi\5.2.3\poi-5.2.3.jar;C:\Users\AbdElNaeemA2\.m2\repository\commons-codec\commons-codec\1.15\commons-codec-1.15.jar;C:\Users\AbdElNaeemA2\.m2\repository\org\apache\commons\commons-collections4\4.4\commons-collections4-4.4.jar;C:\Users\AbdElNaeemA2\.m2\repository\org\apache\commons\commons-math3\3.6.1\commons-math3-3.6.1.jar;C:\Users\AbdElNaeemA2\.m2\repository\commons-io\commons-io\2.11.0\commons-io-2.11.0.jar;C:\Users\AbdElNaeemA2\.m2\repository\com\zaxxer\SparseBitSet\1.2\SparseBitSet-1.2.jar;C:\Users\AbdElNaeemA2\.m2\repository\org\apache\logging\log4j\log4j-api\2.18.0\log4j-api-2.18.0.jar;C:\Users\AbdElNaeemA2\.m2\repository\com\aventstack\extentreports\5.1.0\extentreports-5.1.0.jar;C:\Users\AbdElNaeemA2\.m2\repository\io\reactivex\rxjava3\rxjava\3.1.6\rxjava-3.1.6.jar;C:\Users\AbdElNaeemA2\.m2\repository\org\freemarker\freemarker\2.3.32\freemarker-2.3.32.jar;C:\Users\AbdElNaeemA2\.m2\repository\com\google\code\gson\gson\2.10.1\gson-2.10.1.jar;C:\Users\AbdElNaeemA2\.m2\repository\io\cucumber\cucumber-core\7.13.0\cucumber-core-7.13.0.jar;C:\Users\AbdElNaeemA2\.m2\repository\io\cucumber\cucumber-gherkin\7.13.0\cucumber-gherkin-7.13.0.jar;C:\Users\AbdElNaeemA2\.m2\repository\io\cucumber\cucumber-gherkin-messages\7.13.0\cucumber-gherkin-messages-7.13.0.jar;C:\Users\AbdElNaeemA2\.m2\repository\io\cucumber\messages\22.0.0\messages-22.0.0.jar;C:\Users\AbdElNaeemA2\.m2\repository\io\cucumber\tag-expressions\5.0.1\tag-expressions-5.0.1.jar;C:\Users\AbdElNaeemA2\.m2\repository\io\cucumber\cucumber-expressions\16.1.2\cucumber-expressions-16.1.2.jar;C:\Users\AbdElNaeemA2\.m2\repository\io\cucumber\datatable\7.13.0\datatable-7.13.0.jar;C:\Users\AbdElNaeemA2\.m2\repository\io\cucumber\cucumber-plugin\7.13.0\cucumber-plugin-7.13.0.jar;C:\Users\AbdElNaeemA2\.m2\repository\io\cucumber\docstring\7.13.0\docstring-7.13.0.jar;C:\Users\AbdElNaeemA2\.m2\repository\io\cucumber\html-formatter\20.3.1\html-formatter-20.3.1.jar;C:\Users\AbdElNaeemA2\.m2\repository\io\cucumber\junit-xml-formatter\0.2.0\junit-xml-formatter-0.2.0.jar;C:\Users\AbdElNaeemA2\.m2\repository\io\cucumber\ci-environment\9.2.0\ci-environment-9.2.0.jar;C:\Users\AbdElNaeemA2\.m2\repository\org\apiguardian\apiguardian-api\1.1.2\apiguardian-api-1.1.2.jar;C:\Users\AbdElNaeemA2\.m2\repository\io\cucumber\cucumber-testng\7.13.0\cucumber-testng-7.13.0.jar;C:\Users\AbdElNaeemA2\.m2\repository\io\cucumber\cucumber-java\7.13.0\cucumber-java-7.13.0.jar;C:\Users\AbdElNaeemA2\.m2\repository\io\cucumber\gherkin\26.2.0\gherkin-26.2.0.jar;C:\Users\AbdElNaeemA2\.m2\repository\net\masterthought\cucumber-reporting\5.7.6\cucumber-reporting-5.7.6.jar;C:\Users\AbdElNaeemA2\.m2\repository\com\fasterxml\jackson\datatype\jackson-datatype-jsr310\2.13.2\jackson-datatype-jsr310-2.13.2.jar;C:\Users\AbdElNaeemA2\.m2\repository\org\apache\velocity\velocity-engine-core\2.3\velocity-engine-core-2.3.jar;C:\Users\AbdElNaeemA2\.m2\repository\joda-time\joda-time\2.12.2\joda-time-2.12.2.jar;C:\Users\AbdElNaeemA2\.m2\repository\org\codehaus\plexus\plexus-utils\3.5.1\plexus-utils-3.5.1.jar;C:\Users\AbdElNaeemA2\.m2\repository\org\jsoup\jsoup\1.16.1\jsoup-1.16.1.jar;C:\Users\AbdElNaeemA2\.m2\repository\com\googlecode\owasp-java-html-sanitizer\owasp-java-html-sanitizer\20220608.1\owasp-java-html-sanitizer-20220608.1.jar;C:\Users\AbdElNaeemA2\.m2\repository\commons-configuration\commons-configuration\1.10\commons-configuration-1.10.jar;C:\Users\AbdElNaeemA2\.m2\repository\commons-lang\commons-lang\2.6\commons-lang-2.6.jar;C:\Users\AbdElNaeemA2\.m2\repository\commons-logging\commons-logging\1.1.1\commons-logging-1.1.1.jar;C:\Users\AbdElNaeemA2\.m2\repository\tech\grasshopper\extentreports-cucumber7-adapter\1.14.0\extentreports-cucumber7-adapter-1.14.0.jar;C:\Users\AbdElNaeemA2\.m2\repository\tech\grasshopper\extent-pdf-report\2.12.0\extent-pdf-report-2.12.0.jar;C:\Users\AbdElNaeemA2\.m2\repository\tech\grasshopper\cucumber-pdf-report\2.14.0\cucumber-pdf-report-2.14.0.jar;C:\Users\AbdElNaeemA2\.m2\repository\org\knowm\xchart\xchart\3.8.0\xchart-3.8.0.jar;C:\Users\AbdElNaeemA2\.m2\repository\de\erichseifert\vectorgraphics2d\VectorGraphics2D\0.13\VectorGraphics2D-0.13.jar;C:\Users\AbdElNaeemA2\.m2\repository\de\rototor\pdfbox\graphics2d\0.30\graphics2d-0.30.jar;C:\Users\AbdElNaeemA2\.m2\repository\com\madgag\animated-gif-lib\1.4\animated-gif-lib-1.4.jar;C:\Users\AbdElNaeemA2\.m2\repository\org\yaml\snakeyaml\2.0\snakeyaml-2.0.jar;C:\Users\AbdElNaeemA2\.m2\repository\tech\grasshopper\table-layout\1.5.1\table-layout-1.5.1.jar;C:\Users\AbdElNaeemA2\.m2\repository\tech\grasshopper\rest-assured-cucumber-pdf-report\1.5.0\rest-assured-cucumber-pdf-report-1.5.0.jar;C:\Users\AbdElNaeemA2\.m2\repository\com\aventstack\klov-reporter\5.1.0\klov-reporter-5.1.0.jar;C:\Users\AbdElNaeemA2\.m2\repository\org\mongodb\mongodb-driver\3.6.4\mongodb-driver-3.6.4.jar;C:\Users\AbdElNaeemA2\.m2\repository\org\mongodb\mongodb-driver-core\3.6.4\mongodb-driver-core-3.6.4.jar;C:\Users\AbdElNaeemA2\.m2\repository\org\mongodb\bson\3.6.4\bson-3.6.4.jar;C:\Users\AbdElNaeemA2\.m2\repository\tech\grasshopper\htmlextentreporter\1.1.0\htmlextentreporter-1.1.0.jar;C:\Users\AbdElNaeemA2\.m2\repository\tech\grasshopper\extent-excel-report\1.4.0\extent-excel-report-1.4.0.jar;C:\Users\AbdElNaeemA2\.m2\repository\org\apache\poi\poi-ooxml\5.2.3\poi-ooxml-5.2.3.jar;C:\Users\AbdElNaeemA2\.m2\repository\org\apache\poi\poi-ooxml-lite\5.2.3\poi-ooxml-lite-5.2.3.jar;C:\Users\AbdElNaeemA2\.m2\repository\org\apache\xmlbeans\xmlbeans\5.1.1\xmlbeans-5.1.1.jar;C:\Users\AbdElNaeemA2\.m2\repository\org\apache\commons\commons-compress\1.21\commons-compress-1.21.jar;C:\Users\AbdElNaeemA2\.m2\repository\com\github\virtuald\curvesapi\1.07\curvesapi-1.07.jar;C:\Users\AbdElNaeemA2\.m2\repository\com\vimalselvam\cucumber-extentsreport\3.1.1\cucumber-extentsreport-3.1.1.jar;C:\Users\AbdElNaeemA2\.m2\repository\io\rest-assured\rest-assured\5.3.1\rest-assured-5.3.1.jar;C:\Users\AbdElNaeemA2\.m2\repository\org\apache\groovy\groovy\4.0.11\groovy-4.0.11.jar;C:\Users\AbdElNaeemA2\.m2\repository\org\apache\groovy\groovy-xml\4.0.11\groovy-xml-4.0.11.jar;C:\Users\AbdElNaeemA2\.m2\repository\org\apache\httpcomponents\httpclient\4.5.13\httpclient-4.5.13.jar;C:\Users\AbdElNaeemA2\.m2\repository\org\apache\httpcomponents\httpcore\4.4.13\httpcore-4.4.13.jar;C:\Users\AbdElNaeemA2\.m2\repository\org\apache\httpcomponents\httpmime\4.5.13\httpmime-4.5.13.jar;C:\Users\AbdElNaeemA2\.m2\repository\org\hamcrest\hamcrest\2.2\hamcrest-2.2.jar;C:\Users\AbdElNaeemA2\.m2\repository\org\ccil\cowan\tagsoup\tagsoup\1.2.1\tagsoup-1.2.1.jar;C:\Users\AbdElNaeemA2\.m2\repository\io\rest-assured\json-path\5.3.1\json-path-5.3.1.jar;C:\Users\AbdElNaeemA2\.m2\repository\org\apache\groovy\groovy-json\4.0.11\groovy-json-4.0.11.jar;C:\Users\AbdElNaeemA2\.m2\repository\io\rest-assured\rest-assured-common\5.3.1\rest-assured-common-5.3.1.jar;C:\Users\AbdElNaeemA2\.m2\repository\io\rest-assured\xml-path\5.3.1\xml-path-5.3.1.jar;C:\Users\AbdElNaeemA2\.m2\repository\com\googlecode\json-simple\json-simple\1.1.1\json-simple-1.1.1.jar;C:\Users\AbdElNaeemA2\.m2\repository\junit\junit\4.10\junit-4.10.jar;C:\Users\AbdElNaeemA2\.m2\repository\org\hamcrest\hamcrest-core\1.1\hamcrest-core-1.1.jar;C:\Users\AbdElNaeemA2\.m2\repository\com\fasterxml\jackson\core\jackson-databind\2.15.2\jackson-databind-2.15.2.jar;C:\Users\AbdElNaeemA2\.m2\repository\com\fasterxml\jackson\core\jackson-annotations\2.15.2\jackson-annotations-2.15.2.jar;C:\Users\AbdElNaeemA2\.m2\repository\com\fasterxml\jackson\core\jackson-core\2.15.2\jackson-core-2.15.2.jar;C:\Users\AbdElNaeemA2\.m2\repository\javax\xml\bind\jaxb-api\2.4.0-b180830.0359\jaxb-api-2.4.0-b180830.0359.jar;C:\Users\AbdElNaeemA2\.m2\repository\javax\activation\javax.activation-api\1.2.0\javax.activation-api-1.2.0.jar;C:\Users\AbdElNaeemA2\.m2\repository\com\google\guava\guava\31.0.1-jre\guava-31.0.1-jre.jar;C:\Users\AbdElNaeemA2\.m2\repository\com\google\guava\failureaccess\1.0.1\failureaccess-1.0.1.jar;C:\Users\AbdElNaeemA2\.m2\repository\com\google\guava\listenablefuture\9999.0-empty-to-avoid-conflict-with-guava\listenablefuture-9999.0-empty-to-avoid-conflict-with-guava.jar;C:\Users\AbdElNaeemA2\.m2\repository\com\google\code\findbugs\jsr305\3.0.2\jsr305-3.0.2.jar;C:\Users\AbdElNaeemA2\.m2\repository\org\checkerframework\checker-qual\3.12.0\checker-qual-3.12.0.jar;C:\Users\AbdElNaeemA2\.m2\repository\com\google\errorprone\error_prone_annotations\2.7.1\error_prone_annotations-2.7.1.jar;C:\Users\AbdElNaeemA2\.m2\repository\com\google\j2objc\j2objc-annotations\1.3\j2objc-annotations-1.3.jar;C:\Users\AbdElNaeemA2\.m2\repository\org\apache\commons\commons-lang3\3.12.0\commons-lang3-3.12.0.jar;C:\Users\AbdElNaeemA2\.m2\repository\com\github\ralfstuckert\pdfbox-layout\pdfbox2-layout\1.0.1\pdfbox2-layout-1.0.1.jar;C:\Users\AbdElNaeemA2\.m2\repository\org\apache\pdfbox\pdfbox\2.0.4\pdfbox-2.0.4.jar;C:\Users\AbdElNaeemA2\.m2\repository\org\apache\pdfbox\fontbox\2.0.4\fontbox-2.0.4.jar;C:\Users\AbdElNaeemA2\.m2\repository\com\oracle\database\jdbc\ojdbc8\21.4.0.0\ojdbc8-21.4.0.0.jar;C:\Users\AbdElNaeemA2\.m2\repository\org\seleniumhq\selenium\selenium-htmlunit-driver\2.52.0\selenium-htmlunit-driver-2.52.0.jar;C:\Users\AbdElNaeemA2\.m2\repository\net\sourceforge\htmlunit\htmlunit\2.18\htmlunit-2.18.jar;C:\Users\AbdElNaeemA2\.m2\repository\xalan\xalan\2.7.2\xalan-2.7.2.jar;C:\Users\AbdElNaeemA2\.m2\repository\xalan\serializer\2.7.2\serializer-2.7.2.jar;C:\Users\AbdElNaeemA2\.m2\repository\net\sourceforge\htmlunit\htmlunit-core-js\2.17\htmlunit-core-js-2.17.jar;C:\Users\AbdElNaeemA2\.m2\repository\xerces\xercesImpl\2.11.0\xercesImpl-2.11.0.jar;C:\Users\AbdElNaeemA2\.m2\repository\xml-apis\xml-apis\1.4.01\xml-apis-1.4.01.jar;C:\Users\AbdElNaeemA2\.m2\repository\net\sourceforge\nekohtml\nekohtml\1.9.22\nekohtml-1.9.22.jar;C:\Users\AbdElNaeemA2\.m2\repository\net\sourceforge\cssparser\cssparser\0.9.16\cssparser-0.9.16.jar;C:\Users\AbdElNaeemA2\.m2\repository\org\w3c\css\sac\1.3\sac-1.3.jar;C:\Users\AbdElNaeemA2\.m2\repository\org\eclipse\jetty\websocket\websocket-client\9.2.12.v20150709\websocket-client-9.2.12.v20150709.jar;C:\Users\AbdElNaeemA2\.m2\repository\org\eclipse\jetty\jetty-util\9.2.12.v20150709\jetty-util-9.2.12.v20150709.jar;C:\Users\AbdElNaeemA2\.m2\repository\org\eclipse\jetty\jetty-io\9.2.12.v20150709\jetty-io-9.2.12.v20150709.jar;C:\Users\AbdElNaeemA2\.m2\repository\org\eclipse\jetty\websocket\websocket-common\9.2.12.v20150709\websocket-common-9.2.12.v20150709.jar;C:\Users\AbdElNaeemA2\.m2\repository\org\eclipse\jetty\websocket\websocket-api\9.2.12.v20150709\websocket-api-9.2.12.v20150709.jar;C:\Users\AbdElNaeemA2\.m2\repository\commons-collections\commons-collections\3.2.2\commons-collections-3.2.2.jar;C:\Users\AbdElNaeemA2\.m2\repository\org\projectlombok\lombok\1.18.28\lombok-1.18.28.jar;C:\Users\AbdElNaeemA2\.m2\repository\org\testng\testng\7.10.2\testng-7.10.2.jar;C:\Users\AbdElNaeemA2\.m2\repository\org\slf4j\slf4j-api\1.7.36\slf4j-api-1.7.36.jar;C:\Users\AbdElNaeemA2\.m2\repository\org\webjars\jquery\3.7.1\jquery-3.7.1.jar;C:\Users\AbdElNaeemA2\.m2\repository\software\amazon\awssdk\secretsmanager\2.20.99\secretsmanager-2.20.99.jar;C:\Users\AbdElNaeemA2\.m2\repository\software\amazon\awssdk\aws-json-protocol\2.20.99\aws-json-protocol-2.20.99.jar;C:\Users\AbdElNaeemA2\.m2\repository\software\amazon\awssdk\third-party-jackson-core\2.20.99\third-party-jackson-core-2.20.99.jar;C:\Users\AbdElNaeemA2\.m2\repository\software\amazon\awssdk\protocol-core\2.20.99\protocol-core-2.20.99.jar;C:\Users\AbdElNaeemA2\.m2\repository\software\amazon\awssdk\sdk-core\2.20.99\sdk-core-2.20.99.jar;C:\Users\AbdElNaeemA2\.m2\repository\software\amazon\awssdk\profiles\2.20.99\profiles-2.20.99.jar;C:\Users\AbdElNaeemA2\.m2\repository\software\amazon\awssdk\auth\2.20.99\auth-2.20.99.jar;C:\Users\AbdElNaeemA2\.m2\repository\software\amazon\eventstream\eventstream\1.0.1\eventstream-1.0.1.jar;C:\Users\AbdElNaeemA2\.m2\repository\software\amazon\awssdk\http-client-spi\2.20.99\http-client-spi-2.20.99.jar;C:\Users\AbdElNaeemA2\.m2\repository\software\amazon\awssdk\regions\2.20.99\regions-2.20.99.jar;C:\Users\AbdElNaeemA2\.m2\repository\software\amazon\awssdk\annotations\2.20.99\annotations-2.20.99.jar;C:\Users\AbdElNaeemA2\.m2\repository\software\amazon\awssdk\utils\2.20.99\utils-2.20.99.jar;C:\Users\AbdElNaeemA2\.m2\repository\software\amazon\awssdk\aws-core\2.20.99\aws-core-2.20.99.jar;C:\Users\AbdElNaeemA2\.m2\repository\software\amazon\awssdk\metrics-spi\2.20.99\metrics-spi-2.20.99.jar;C:\Users\AbdElNaeemA2\.m2\repository\software\amazon\awssdk\json-utils\2.20.99\json-utils-2.20.99.jar;C:\Users\AbdElNaeemA2\.m2\repository\software\amazon\awssdk\endpoints-spi\2.20.99\endpoints-spi-2.20.99.jar;C:\Users\AbdElNaeemA2\.m2\repository\software\amazon\awssdk\apache-client\2.20.99\apache-client-2.20.99.jar;C:\Users\AbdElNaeemA2\.m2\repository\software\amazon\awssdk\netty-nio-client\2.20.99\netty-nio-client-2.20.99.jar;C:\Users\AbdElNaeemA2\.m2\repository\io\netty\netty-codec-http2\4.1.94.Final\netty-codec-http2-4.1.94.Final.jar;C:\Users\AbdElNaeemA2\.m2\repository\software\amazon\awssdk\ssm\2.17.148\ssm-2.17.148.jar;C:\Users\AbdElNaeemA2\.m2\repository\software\amazon\awssdk\aws-crt-client\2.20.0\aws-crt-client-2.20.0.jar;C:\Users\AbdElNaeemA2\.m2\repository\software\amazon\awssdk\crt\aws-crt\0.21.5\aws-crt-0.21.5.jar;"/>
    <property name="java.vm.vendor" value="Oracle Corporation"/>
    <property name="sun.arch.data.model" value="64"/>
    <property name="user.variant" value=""/>
    <property name="java.vendor.url" value="https://java.oracle.com/"/>
    <property name="user.timezone" value="Africa/Cairo"/>
    <property name="os.name" value="Windows 11"/>
    <property name="java.vm.specification.version" value="18"/>
    <property name="sun.java.launcher" value="SUN_STANDARD"/>
    <property name="user.country" value="US"/>
    <property name="sun.boot.library.path" value="C:\Program Files\Java\jdk-18\bin"/>
    <property name="sun.java.command" value="C:\Users\AbdElNaeemA2\AppData\Local\Temp\surefire6630482894100204870\surefirebooter-20240716225652212_3.jar C:\Users\AbdElNaeemA2\AppData\Local\Temp\surefire6630482894100204870 2024-07-16T22-56-51_119-jvmRun1 surefire-20240716225652212_1tmp surefire_0-20240716225652212_2tmp"/>
    <property name="jdk.debug" value="release"/>
    <property name="surefire.test.class.path" value="C:\VDFData\Anas\SeleniumProject\SeleniumProject\target\test-classes;C:\VDFData\Anas\SeleniumProject\SeleniumProject\target\classes;C:\Users\AbdElNaeemA2\.m2\repository\org\seleniumhq\selenium\selenium-java\4.11.0\selenium-java-4.11.0.jar;C:\Users\AbdElNaeemA2\.m2\repository\org\seleniumhq\selenium\selenium-api\4.11.0\selenium-api-4.11.0.jar;C:\Users\AbdElNaeemA2\.m2\repository\org\seleniumhq\selenium\selenium-chrome-driver\4.11.0\selenium-chrome-driver-4.11.0.jar;C:\Users\AbdElNaeemA2\.m2\repository\org\seleniumhq\selenium\selenium-chromium-driver\4.11.0\selenium-chromium-driver-4.11.0.jar;C:\Users\AbdElNaeemA2\.m2\repository\org\seleniumhq\selenium\selenium-devtools-v113\4.11.0\selenium-devtools-v113-4.11.0.jar;C:\Users\AbdElNaeemA2\.m2\repository\org\seleniumhq\selenium\selenium-devtools-v114\4.11.0\selenium-devtools-v114-4.11.0.jar;C:\Users\AbdElNaeemA2\.m2\repository\org\seleniumhq\selenium\selenium-devtools-v115\4.11.0\selenium-devtools-v115-4.11.0.jar;C:\Users\AbdElNaeemA2\.m2\repository\org\seleniumhq\selenium\selenium-devtools-v85\4.11.0\selenium-devtools-v85-4.11.0.jar;C:\Users\AbdElNaeemA2\.m2\repository\org\seleniumhq\selenium\selenium-edge-driver\4.11.0\selenium-edge-driver-4.11.0.jar;C:\Users\AbdElNaeemA2\.m2\repository\org\seleniumhq\selenium\selenium-firefox-driver\4.11.0\selenium-firefox-driver-4.11.0.jar;C:\Users\AbdElNaeemA2\.m2\repository\org\seleniumhq\selenium\selenium-ie-driver\4.11.0\selenium-ie-driver-4.11.0.jar;C:\Users\AbdElNaeemA2\.m2\repository\org\seleniumhq\selenium\selenium-safari-driver\4.11.0\selenium-safari-driver-4.11.0.jar;C:\Users\AbdElNaeemA2\.m2\repository\org\seleniumhq\selenium\selenium-support\4.11.0\selenium-support-4.11.0.jar;C:\Users\AbdElNaeemA2\.m2\repository\org\seleniumhq\selenium\selenium-remote-driver\4.11.0\selenium-remote-driver-4.11.0.jar;C:\Users\AbdElNaeemA2\.m2\repository\com\google\auto\service\auto-service-annotations\1.0.1\auto-service-annotations-1.0.1.jar;C:\Users\AbdElNaeemA2\.m2\repository\io\netty\netty-buffer\4.1.92.Final\netty-buffer-4.1.92.Final.jar;C:\Users\AbdElNaeemA2\.m2\repository\io\netty\netty-codec-http\4.1.92.Final\netty-codec-http-4.1.92.Final.jar;C:\Users\AbdElNaeemA2\.m2\repository\io\netty\netty-codec\4.1.92.Final\netty-codec-4.1.92.Final.jar;C:\Users\AbdElNaeemA2\.m2\repository\io\netty\netty-common\4.1.92.Final\netty-common-4.1.92.Final.jar;C:\Users\AbdElNaeemA2\.m2\repository\io\netty\netty-transport-classes-epoll\4.1.92.Final\netty-transport-classes-epoll-4.1.92.Final.jar;C:\Users\AbdElNaeemA2\.m2\repository\io\netty\netty-transport-classes-kqueue\4.1.92.Final\netty-transport-classes-kqueue-4.1.92.Final.jar;C:\Users\AbdElNaeemA2\.m2\repository\io\netty\netty-transport-native-epoll\4.1.92.Final\netty-transport-native-epoll-4.1.92.Final.jar;C:\Users\AbdElNaeemA2\.m2\repository\io\netty\netty-transport-native-kqueue\4.1.92.Final\netty-transport-native-kqueue-4.1.92.Final.jar;C:\Users\AbdElNaeemA2\.m2\repository\io\netty\netty-transport-native-unix-common\4.1.92.Final\netty-transport-native-unix-common-4.1.92.Final.jar;C:\Users\AbdElNaeemA2\.m2\repository\io\netty\netty-transport\4.1.92.Final\netty-transport-4.1.92.Final.jar;C:\Users\AbdElNaeemA2\.m2\repository\io\netty\netty-resolver\4.1.92.Final\netty-resolver-4.1.92.Final.jar;C:\Users\AbdElNaeemA2\.m2\repository\io\opentelemetry\opentelemetry-api\1.26.0\opentelemetry-api-1.26.0.jar;C:\Users\AbdElNaeemA2\.m2\repository\io\opentelemetry\opentelemetry-context\1.26.0\opentelemetry-context-1.26.0.jar;C:\Users\AbdElNaeemA2\.m2\repository\io\opentelemetry\opentelemetry-exporter-logging\1.26.0\opentelemetry-exporter-logging-1.26.0.jar;C:\Users\AbdElNaeemA2\.m2\repository\io\opentelemetry\opentelemetry-sdk-metrics\1.26.0\opentelemetry-sdk-metrics-1.26.0.jar;C:\Users\AbdElNaeemA2\.m2\repository\io\opentelemetry\opentelemetry-extension-incubator\1.26.0-alpha\opentelemetry-extension-incubator-1.26.0-alpha.jar;C:\Users\AbdElNaeemA2\.m2\repository\io\opentelemetry\opentelemetry-sdk-logs\1.26.0-alpha\opentelemetry-sdk-logs-1.26.0-alpha.jar;C:\Users\AbdElNaeemA2\.m2\repository\io\opentelemetry\opentelemetry-api-logs\1.26.0-alpha\opentelemetry-api-logs-1.26.0-alpha.jar;C:\Users\AbdElNaeemA2\.m2\repository\io\opentelemetry\opentelemetry-api-events\1.26.0-alpha\opentelemetry-api-events-1.26.0-alpha.jar;C:\Users\AbdElNaeemA2\.m2\repository\io\opentelemetry\opentelemetry-sdk-common\1.26.0\opentelemetry-sdk-common-1.26.0.jar;C:\Users\AbdElNaeemA2\.m2\repository\io\opentelemetry\opentelemetry-sdk-extension-autoconfigure-spi\1.26.0\opentelemetry-sdk-extension-autoconfigure-spi-1.26.0.jar;C:\Users\AbdElNaeemA2\.m2\repository\io\opentelemetry\opentelemetry-sdk-extension-autoconfigure\1.26.0-alpha\opentelemetry-sdk-extension-autoconfigure-1.26.0-alpha.jar;C:\Users\AbdElNaeemA2\.m2\repository\io\opentelemetry\opentelemetry-sdk-trace\1.26.0\opentelemetry-sdk-trace-1.26.0.jar;C:\Users\AbdElNaeemA2\.m2\repository\io\opentelemetry\opentelemetry-sdk\1.26.0\opentelemetry-sdk-1.26.0.jar;C:\Users\AbdElNaeemA2\.m2\repository\io\opentelemetry\opentelemetry-semconv\1.26.0-alpha\opentelemetry-semconv-1.26.0-alpha.jar;C:\Users\AbdElNaeemA2\.m2\repository\net\bytebuddy\byte-buddy\1.14.4\byte-buddy-1.14.4.jar;C:\Users\AbdElNaeemA2\.m2\repository\org\apache\commons\commons-exec\1.3\commons-exec-1.3.jar;C:\Users\AbdElNaeemA2\.m2\repository\org\asynchttpclient\async-http-client\2.12.3\async-http-client-2.12.3.jar;C:\Users\AbdElNaeemA2\.m2\repository\org\asynchttpclient\async-http-client-netty-utils\2.12.3\async-http-client-netty-utils-2.12.3.jar;C:\Users\AbdElNaeemA2\.m2\repository\io\netty\netty-codec-socks\4.1.60.Final\netty-codec-socks-4.1.60.Final.jar;C:\Users\AbdElNaeemA2\.m2\repository\io\netty\netty-handler-proxy\4.1.60.Final\netty-handler-proxy-4.1.60.Final.jar;C:\Users\AbdElNaeemA2\.m2\repository\io\netty\netty-transport-native-epoll\4.1.60.Final\netty-transport-native-epoll-4.1.60.Final-linux-x86_64.jar;C:\Users\AbdElNaeemA2\.m2\repository\io\netty\netty-transport-native-kqueue\4.1.60.Final\netty-transport-native-kqueue-4.1.60.Final-osx-x86_64.jar;C:\Users\AbdElNaeemA2\.m2\repository\org\reactivestreams\reactive-streams\1.0.3\reactive-streams-1.0.3.jar;C:\Users\AbdElNaeemA2\.m2\repository\com\typesafe\netty\netty-reactive-streams\2.0.4\netty-reactive-streams-2.0.4.jar;C:\Users\AbdElNaeemA2\.m2\repository\com\sun\activation\jakarta.activation\1.2.2\jakarta.activation-1.2.2.jar;C:\Users\AbdElNaeemA2\.m2\repository\org\seleniumhq\selenium\selenium-http\4.11.0\selenium-http-4.11.0.jar;C:\Users\AbdElNaeemA2\.m2\repository\org\seleniumhq\selenium\selenium-json\4.11.0\selenium-json-4.11.0.jar;C:\Users\AbdElNaeemA2\.m2\repository\org\seleniumhq\selenium\selenium-manager\4.11.0\selenium-manager-4.11.0.jar;C:\Users\AbdElNaeemA2\.m2\repository\org\seleniumhq\selenium\selenium-grid\4.11.0\selenium-grid-4.11.0.jar;C:\Users\AbdElNaeemA2\.m2\repository\com\beust\jcommander\1.82\jcommander-1.82.jar;C:\Users\AbdElNaeemA2\.m2\repository\com\graphql-java\graphql-java\20.2\graphql-java-20.2.jar;C:\Users\AbdElNaeemA2\.m2\repository\com\graphql-java\java-dataloader\3.2.0\java-dataloader-3.2.0.jar;C:\Users\AbdElNaeemA2\.m2\repository\dev\failsafe\failsafe\3.3.1\failsafe-3.3.1.jar;C:\Users\AbdElNaeemA2\.m2\repository\io\netty\netty-handler\4.1.92.Final\netty-handler-4.1.92.Final.jar;C:\Users\AbdElNaeemA2\.m2\repository\io\ous\jtoml\2.0.0\jtoml-2.0.0.jar;C:\Users\AbdElNaeemA2\.m2\repository\org\zeromq\jeromq\0.5.3\jeromq-0.5.3.jar;C:\Users\AbdElNaeemA2\.m2\repository\eu\neilalexander\jnacl\1.0.0\jnacl-1.0.0.jar;C:\Users\AbdElNaeemA2\.m2\repository\org\apache\poi\poi\5.2.3\poi-5.2.3.jar;C:\Users\AbdElNaeemA2\.m2\repository\commons-codec\commons-codec\1.15\commons-codec-1.15.jar;C:\Users\AbdElNaeemA2\.m2\repository\org\apache\commons\commons-collections4\4.4\commons-collections4-4.4.jar;C:\Users\AbdElNaeemA2\.m2\repository\org\apache\commons\commons-math3\3.6.1\commons-math3-3.6.1.jar;C:\Users\AbdElNaeemA2\.m2\repository\commons-io\commons-io\2.11.0\commons-io-2.11.0.jar;C:\Users\AbdElNaeemA2\.m2\repository\com\zaxxer\SparseBitSet\1.2\SparseBitSet-1.2.jar;C:\Users\AbdElNaeemA2\.m2\repository\org\apache\logging\log4j\log4j-api\2.18.0\log4j-api-2.18.0.jar;C:\Users\AbdElNaeemA2\.m2\repository\com\aventstack\extentreports\5.1.0\extentreports-5.1.0.jar;C:\Users\AbdElNaeemA2\.m2\repository\io\reactivex\rxjava3\rxjava\3.1.6\rxjava-3.1.6.jar;C:\Users\AbdElNaeemA2\.m2\repository\org\freemarker\freemarker\2.3.32\freemarker-2.3.32.jar;C:\Users\AbdElNaeemA2\.m2\repository\com\google\code\gson\gson\2.10.1\gson-2.10.1.jar;C:\Users\AbdElNaeemA2\.m2\repository\io\cucumber\cucumber-core\7.13.0\cucumber-core-7.13.0.jar;C:\Users\AbdElNaeemA2\.m2\repository\io\cucumber\cucumber-gherkin\7.13.0\cucumber-gherkin-7.13.0.jar;C:\Users\AbdElNaeemA2\.m2\repository\io\cucumber\cucumber-gherkin-messages\7.13.0\cucumber-gherkin-messages-7.13.0.jar;C:\Users\AbdElNaeemA2\.m2\repository\io\cucumber\messages\22.0.0\messages-22.0.0.jar;C:\Users\AbdElNaeemA2\.m2\repository\io\cucumber\tag-expressions\5.0.1\tag-expressions-5.0.1.jar;C:\Users\AbdElNaeemA2\.m2\repository\io\cucumber\cucumber-expressions\16.1.2\cucumber-expressions-16.1.2.jar;C:\Users\AbdElNaeemA2\.m2\repository\io\cucumber\datatable\7.13.0\datatable-7.13.0.jar;C:\Users\AbdElNaeemA2\.m2\repository\io\cucumber\cucumber-plugin\7.13.0\cucumber-plugin-7.13.0.jar;C:\Users\AbdElNaeemA2\.m2\repository\io\cucumber\docstring\7.13.0\docstring-7.13.0.jar;C:\Users\AbdElNaeemA2\.m2\repository\io\cucumber\html-formatter\20.3.1\html-formatter-20.3.1.jar;C:\Users\AbdElNaeemA2\.m2\repository\io\cucumber\junit-xml-formatter\0.2.0\junit-xml-formatter-0.2.0.jar;C:\Users\AbdElNaeemA2\.m2\repository\io\cucumber\ci-environment\9.2.0\ci-environment-9.2.0.jar;C:\Users\AbdElNaeemA2\.m2\repository\org\apiguardian\apiguardian-api\1.1.2\apiguardian-api-1.1.2.jar;C:\Users\AbdElNaeemA2\.m2\repository\io\cucumber\cucumber-testng\7.13.0\cucumber-testng-7.13.0.jar;C:\Users\AbdElNaeemA2\.m2\repository\io\cucumber\cucumber-java\7.13.0\cucumber-java-7.13.0.jar;C:\Users\AbdElNaeemA2\.m2\repository\io\cucumber\gherkin\26.2.0\gherkin-26.2.0.jar;C:\Users\AbdElNaeemA2\.m2\repository\net\masterthought\cucumber-reporting\5.7.6\cucumber-reporting-5.7.6.jar;C:\Users\AbdElNaeemA2\.m2\repository\com\fasterxml\jackson\datatype\jackson-datatype-jsr310\2.13.2\jackson-datatype-jsr310-2.13.2.jar;C:\Users\AbdElNaeemA2\.m2\repository\org\apache\velocity\velocity-engine-core\2.3\velocity-engine-core-2.3.jar;C:\Users\AbdElNaeemA2\.m2\repository\joda-time\joda-time\2.12.2\joda-time-2.12.2.jar;C:\Users\AbdElNaeemA2\.m2\repository\org\codehaus\plexus\plexus-utils\3.5.1\plexus-utils-3.5.1.jar;C:\Users\AbdElNaeemA2\.m2\repository\org\jsoup\jsoup\1.16.1\jsoup-1.16.1.jar;C:\Users\AbdElNaeemA2\.m2\repository\com\googlecode\owasp-java-html-sanitizer\owasp-java-html-sanitizer\20220608.1\owasp-java-html-sanitizer-20220608.1.jar;C:\Users\AbdElNaeemA2\.m2\repository\commons-configuration\commons-configuration\1.10\commons-configuration-1.10.jar;C:\Users\AbdElNaeemA2\.m2\repository\commons-lang\commons-lang\2.6\commons-lang-2.6.jar;C:\Users\AbdElNaeemA2\.m2\repository\commons-logging\commons-logging\1.1.1\commons-logging-1.1.1.jar;C:\Users\AbdElNaeemA2\.m2\repository\tech\grasshopper\extentreports-cucumber7-adapter\1.14.0\extentreports-cucumber7-adapter-1.14.0.jar;C:\Users\AbdElNaeemA2\.m2\repository\tech\grasshopper\extent-pdf-report\2.12.0\extent-pdf-report-2.12.0.jar;C:\Users\AbdElNaeemA2\.m2\repository\tech\grasshopper\cucumber-pdf-report\2.14.0\cucumber-pdf-report-2.14.0.jar;C:\Users\AbdElNaeemA2\.m2\repository\org\knowm\xchart\xchart\3.8.0\xchart-3.8.0.jar;C:\Users\AbdElNaeemA2\.m2\repository\de\erichseifert\vectorgraphics2d\VectorGraphics2D\0.13\VectorGraphics2D-0.13.jar;C:\Users\AbdElNaeemA2\.m2\repository\de\rototor\pdfbox\graphics2d\0.30\graphics2d-0.30.jar;C:\Users\AbdElNaeemA2\.m2\repository\com\madgag\animated-gif-lib\1.4\animated-gif-lib-1.4.jar;C:\Users\AbdElNaeemA2\.m2\repository\org\yaml\snakeyaml\2.0\snakeyaml-2.0.jar;C:\Users\AbdElNaeemA2\.m2\repository\tech\grasshopper\table-layout\1.5.1\table-layout-1.5.1.jar;C:\Users\AbdElNaeemA2\.m2\repository\tech\grasshopper\rest-assured-cucumber-pdf-report\1.5.0\rest-assured-cucumber-pdf-report-1.5.0.jar;C:\Users\AbdElNaeemA2\.m2\repository\com\aventstack\klov-reporter\5.1.0\klov-reporter-5.1.0.jar;C:\Users\AbdElNaeemA2\.m2\repository\org\mongodb\mongodb-driver\3.6.4\mongodb-driver-3.6.4.jar;C:\Users\AbdElNaeemA2\.m2\repository\org\mongodb\mongodb-driver-core\3.6.4\mongodb-driver-core-3.6.4.jar;C:\Users\AbdElNaeemA2\.m2\repository\org\mongodb\bson\3.6.4\bson-3.6.4.jar;C:\Users\AbdElNaeemA2\.m2\repository\tech\grasshopper\htmlextentreporter\1.1.0\htmlextentreporter-1.1.0.jar;C:\Users\AbdElNaeemA2\.m2\repository\tech\grasshopper\extent-excel-report\1.4.0\extent-excel-report-1.4.0.jar;C:\Users\AbdElNaeemA2\.m2\repository\org\apache\poi\poi-ooxml\5.2.3\poi-ooxml-5.2.3.jar;C:\Users\AbdElNaeemA2\.m2\repository\org\apache\poi\poi-ooxml-lite\5.2.3\poi-ooxml-lite-5.2.3.jar;C:\Users\AbdElNaeemA2\.m2\repository\org\apache\xmlbeans\xmlbeans\5.1.1\xmlbeans-5.1.1.jar;C:\Users\AbdElNaeemA2\.m2\repository\org\apache\commons\commons-compress\1.21\commons-compress-1.21.jar;C:\Users\AbdElNaeemA2\.m2\repository\com\github\virtuald\curvesapi\1.07\curvesapi-1.07.jar;C:\Users\AbdElNaeemA2\.m2\repository\com\vimalselvam\cucumber-extentsreport\3.1.1\cucumber-extentsreport-3.1.1.jar;C:\Users\AbdElNaeemA2\.m2\repository\io\rest-assured\rest-assured\5.3.1\rest-assured-5.3.1.jar;C:\Users\AbdElNaeemA2\.m2\repository\org\apache\groovy\groovy\4.0.11\groovy-4.0.11.jar;C:\Users\AbdElNaeemA2\.m2\repository\org\apache\groovy\groovy-xml\4.0.11\groovy-xml-4.0.11.jar;C:\Users\AbdElNaeemA2\.m2\repository\org\apache\httpcomponents\httpclient\4.5.13\httpclient-4.5.13.jar;C:\Users\AbdElNaeemA2\.m2\repository\org\apache\httpcomponents\httpcore\4.4.13\httpcore-4.4.13.jar;C:\Users\AbdElNaeemA2\.m2\repository\org\apache\httpcomponents\httpmime\4.5.13\httpmime-4.5.13.jar;C:\Users\AbdElNaeemA2\.m2\repository\org\hamcrest\hamcrest\2.2\hamcrest-2.2.jar;C:\Users\AbdElNaeemA2\.m2\repository\org\ccil\cowan\tagsoup\tagsoup\1.2.1\tagsoup-1.2.1.jar;C:\Users\AbdElNaeemA2\.m2\repository\io\rest-assured\json-path\5.3.1\json-path-5.3.1.jar;C:\Users\AbdElNaeemA2\.m2\repository\org\apache\groovy\groovy-json\4.0.11\groovy-json-4.0.11.jar;C:\Users\AbdElNaeemA2\.m2\repository\io\rest-assured\rest-assured-common\5.3.1\rest-assured-common-5.3.1.jar;C:\Users\AbdElNaeemA2\.m2\repository\io\rest-assured\xml-path\5.3.1\xml-path-5.3.1.jar;C:\Users\AbdElNaeemA2\.m2\repository\com\googlecode\json-simple\json-simple\1.1.1\json-simple-1.1.1.jar;C:\Users\AbdElNaeemA2\.m2\repository\junit\junit\4.10\junit-4.10.jar;C:\Users\AbdElNaeemA2\.m2\repository\org\hamcrest\hamcrest-core\1.1\hamcrest-core-1.1.jar;C:\Users\AbdElNaeemA2\.m2\repository\com\fasterxml\jackson\core\jackson-databind\2.15.2\jackson-databind-2.15.2.jar;C:\Users\AbdElNaeemA2\.m2\repository\com\fasterxml\jackson\core\jackson-annotations\2.15.2\jackson-annotations-2.15.2.jar;C:\Users\AbdElNaeemA2\.m2\repository\com\fasterxml\jackson\core\jackson-core\2.15.2\jackson-core-2.15.2.jar;C:\Users\AbdElNaeemA2\.m2\repository\javax\xml\bind\jaxb-api\2.4.0-b180830.0359\jaxb-api-2.4.0-b180830.0359.jar;C:\Users\AbdElNaeemA2\.m2\repository\javax\activation\javax.activation-api\1.2.0\javax.activation-api-1.2.0.jar;C:\Users\AbdElNaeemA2\.m2\repository\com\google\guava\guava\31.0.1-jre\guava-31.0.1-jre.jar;C:\Users\AbdElNaeemA2\.m2\repository\com\google\guava\failureaccess\1.0.1\failureaccess-1.0.1.jar;C:\Users\AbdElNaeemA2\.m2\repository\com\google\guava\listenablefuture\9999.0-empty-to-avoid-conflict-with-guava\listenablefuture-9999.0-empty-to-avoid-conflict-with-guava.jar;C:\Users\AbdElNaeemA2\.m2\repository\com\google\code\findbugs\jsr305\3.0.2\jsr305-3.0.2.jar;C:\Users\AbdElNaeemA2\.m2\repository\org\checkerframework\checker-qual\3.12.0\checker-qual-3.12.0.jar;C:\Users\AbdElNaeemA2\.m2\repository\com\google\errorprone\error_prone_annotations\2.7.1\error_prone_annotations-2.7.1.jar;C:\Users\AbdElNaeemA2\.m2\repository\com\google\j2objc\j2objc-annotations\1.3\j2objc-annotations-1.3.jar;C:\Users\AbdElNaeemA2\.m2\repository\org\apache\commons\commons-lang3\3.12.0\commons-lang3-3.12.0.jar;C:\Users\AbdElNaeemA2\.m2\repository\com\github\ralfstuckert\pdfbox-layout\pdfbox2-layout\1.0.1\pdfbox2-layout-1.0.1.jar;C:\Users\AbdElNaeemA2\.m2\repository\org\apache\pdfbox\pdfbox\2.0.4\pdfbox-2.0.4.jar;C:\Users\AbdElNaeemA2\.m2\repository\org\apache\pdfbox\fontbox\2.0.4\fontbox-2.0.4.jar;C:\Users\AbdElNaeemA2\.m2\repository\com\oracle\database\jdbc\ojdbc8\21.4.0.0\ojdbc8-21.4.0.0.jar;C:\Users\AbdElNaeemA2\.m2\repository\org\seleniumhq\selenium\selenium-htmlunit-driver\2.52.0\selenium-htmlunit-driver-2.52.0.jar;C:\Users\AbdElNaeemA2\.m2\repository\net\sourceforge\htmlunit\htmlunit\2.18\htmlunit-2.18.jar;C:\Users\AbdElNaeemA2\.m2\repository\xalan\xalan\2.7.2\xalan-2.7.2.jar;C:\Users\AbdElNaeemA2\.m2\repository\xalan\serializer\2.7.2\serializer-2.7.2.jar;C:\Users\AbdElNaeemA2\.m2\repository\net\sourceforge\htmlunit\htmlunit-core-js\2.17\htmlunit-core-js-2.17.jar;C:\Users\AbdElNaeemA2\.m2\repository\xerces\xercesImpl\2.11.0\xercesImpl-2.11.0.jar;C:\Users\AbdElNaeemA2\.m2\repository\xml-apis\xml-apis\1.4.01\xml-apis-1.4.01.jar;C:\Users\AbdElNaeemA2\.m2\repository\net\sourceforge\nekohtml\nekohtml\1.9.22\nekohtml-1.9.22.jar;C:\Users\AbdElNaeemA2\.m2\repository\net\sourceforge\cssparser\cssparser\0.9.16\cssparser-0.9.16.jar;C:\Users\AbdElNaeemA2\.m2\repository\org\w3c\css\sac\1.3\sac-1.3.jar;C:\Users\AbdElNaeemA2\.m2\repository\org\eclipse\jetty\websocket\websocket-client\9.2.12.v20150709\websocket-client-9.2.12.v20150709.jar;C:\Users\AbdElNaeemA2\.m2\repository\org\eclipse\jetty\jetty-util\9.2.12.v20150709\jetty-util-9.2.12.v20150709.jar;C:\Users\AbdElNaeemA2\.m2\repository\org\eclipse\jetty\jetty-io\9.2.12.v20150709\jetty-io-9.2.12.v20150709.jar;C:\Users\AbdElNaeemA2\.m2\repository\org\eclipse\jetty\websocket\websocket-common\9.2.12.v20150709\websocket-common-9.2.12.v20150709.jar;C:\Users\AbdElNaeemA2\.m2\repository\org\eclipse\jetty\websocket\websocket-api\9.2.12.v20150709\websocket-api-9.2.12.v20150709.jar;C:\Users\AbdElNaeemA2\.m2\repository\commons-collections\commons-collections\3.2.2\commons-collections-3.2.2.jar;C:\Users\AbdElNaeemA2\.m2\repository\org\projectlombok\lombok\1.18.28\lombok-1.18.28.jar;C:\Users\AbdElNaeemA2\.m2\repository\org\testng\testng\7.10.2\testng-7.10.2.jar;C:\Users\AbdElNaeemA2\.m2\repository\org\slf4j\slf4j-api\1.7.36\slf4j-api-1.7.36.jar;C:\Users\AbdElNaeemA2\.m2\repository\org\webjars\jquery\3.7.1\jquery-3.7.1.jar;C:\Users\AbdElNaeemA2\.m2\repository\software\amazon\awssdk\secretsmanager\2.20.99\secretsmanager-2.20.99.jar;C:\Users\AbdElNaeemA2\.m2\repository\software\amazon\awssdk\aws-json-protocol\2.20.99\aws-json-protocol-2.20.99.jar;C:\Users\AbdElNaeemA2\.m2\repository\software\amazon\awssdk\third-party-jackson-core\2.20.99\third-party-jackson-core-2.20.99.jar;C:\Users\AbdElNaeemA2\.m2\repository\software\amazon\awssdk\protocol-core\2.20.99\protocol-core-2.20.99.jar;C:\Users\AbdElNaeemA2\.m2\repository\software\amazon\awssdk\sdk-core\2.20.99\sdk-core-2.20.99.jar;C:\Users\AbdElNaeemA2\.m2\repository\software\amazon\awssdk\profiles\2.20.99\profiles-2.20.99.jar;C:\Users\AbdElNaeemA2\.m2\repository\software\amazon\awssdk\auth\2.20.99\auth-2.20.99.jar;C:\Users\AbdElNaeemA2\.m2\repository\software\amazon\eventstream\eventstream\1.0.1\eventstream-1.0.1.jar;C:\Users\AbdElNaeemA2\.m2\repository\software\amazon\awssdk\http-client-spi\2.20.99\http-client-spi-2.20.99.jar;C:\Users\AbdElNaeemA2\.m2\repository\software\amazon\awssdk\regions\2.20.99\regions-2.20.99.jar;C:\Users\AbdElNaeemA2\.m2\repository\software\amazon\awssdk\annotations\2.20.99\annotations-2.20.99.jar;C:\Users\AbdElNaeemA2\.m2\repository\software\amazon\awssdk\utils\2.20.99\utils-2.20.99.jar;C:\Users\AbdElNaeemA2\.m2\repository\software\amazon\awssdk\aws-core\2.20.99\aws-core-2.20.99.jar;C:\Users\AbdElNaeemA2\.m2\repository\software\amazon\awssdk\metrics-spi\2.20.99\metrics-spi-2.20.99.jar;C:\Users\AbdElNaeemA2\.m2\repository\software\amazon\awssdk\json-utils\2.20.99\json-utils-2.20.99.jar;C:\Users\AbdElNaeemA2\.m2\repository\software\amazon\awssdk\endpoints-spi\2.20.99\endpoints-spi-2.20.99.jar;C:\Users\AbdElNaeemA2\.m2\repository\software\amazon\awssdk\apache-client\2.20.99\apache-client-2.20.99.jar;C:\Users\AbdElNaeemA2\.m2\repository\software\amazon\awssdk\netty-nio-client\2.20.99\netty-nio-client-2.20.99.jar;C:\Users\AbdElNaeemA2\.m2\repository\io\netty\netty-codec-http2\4.1.94.Final\netty-codec-http2-4.1.94.Final.jar;C:\Users\AbdElNaeemA2\.m2\repository\software\amazon\awssdk\ssm\2.17.148\ssm-2.17.148.jar;C:\Users\AbdElNaeemA2\.m2\repository\software\amazon\awssdk\aws-crt-client\2.20.0\aws-crt-client-2.20.0.jar;C:\Users\AbdElNaeemA2\.m2\repository\software\amazon\awssdk\crt\aws-crt\0.21.5\aws-crt-0.21.5.jar;"/>
    <property name="sun.cpu.endian" value="little"/>
    <property name="user.home" value="C:\Users\AbdElNaeemA2"/>
    <property name="user.language" value="en"/>
    <property name="java.specification.vendor" value="Oracle Corporation"/>
    <property name="java.version.date" value="2022-03-22"/>
    <property name="java.home" value="C:\Program Files\Java\jdk-18"/>
    <property name="file.separator" value="\"/>
    <property name="basedir" value="C:\VDFData\Anas\SeleniumProject\SeleniumProject"/>
    <property name="java.vm.compressedOopsMode" value="Zero based"/>
    <property name="line.separator" value="&#10;"/>
    <property name="java.vm.specification.vendor" value="Oracle Corporation"/>
    <property name="java.specification.name" value="Java Platform API Specification"/>
    <property name="surefire.real.class.path" value="C:\Users\AbdElNaeemA2\AppData\Local\Temp\surefire6630482894100204870\surefirebooter-20240716225652212_3.jar"/>
    <property name="user.script" value=""/>
    <property name="sun.management.compiler" value="HotSpot 64-Bit Tiered Compilers"/>
    <property name="java.runtime.version" value="18+36-2087"/>
    <property name="user.name" value="AbdElNaeemA2"/>
    <property name="path.separator" value=";"/>
    <property name="os.version" value="10.0"/>
    <property name="java.runtime.name" value="Java(TM) SE Runtime Environment"/>
    <property name="file.encoding" value="UTF-8"/>
    <property name="java.vm.name" value="Java HotSpot(TM) 64-Bit Server VM"/>
    <property name="localRepository" value="C:\Users\AbdElNaeemA2\.m2\repository"/>
    <property name="java.vendor.url.bug" value="https://bugreport.java.com/bugreport/"/>
    <property name="java.io.tmpdir" value="C:\Users\ABDELN~1\AppData\Local\Temp\"/>
    <property name="idea.version" value="2022.1"/>
    <property name="java.version" value="18"/>
    <property name="user.dir" value="C:\VDFData\Anas\SeleniumProject\SeleniumProject"/>
    <property name="os.arch" value="amd64"/>
    <property name="java.vm.specification.name" value="Java Virtual Machine Specification"/>
    <property name="sun.os.patch.level" value=""/>
    <property name="native.encoding" value="Cp1252"/>
    <property name="java.library.path" value="C:\Program Files\Java\jdk-18\bin;C:\WINDOWS\Sun\Java\bin;C:\WINDOWS\system32;C:\WINDOWS;C:\Program Files\Python312\Scripts\;C:\Program Files\Python312\;C:\Program Files (x86)\Common Files\Oracle\Java\javapath;U:\Notes\data\;C:\WINDOWS\system32;C:\WINDOWS;C:\WINDOWS\System32\Wbem;c:\Program Files (x86)\apache-maven-3.0.4\bin;c:\Program Files\Amazon\AWSCLIV2\;c:\Program Files\Amazon\SessionManagerPlugin\bin\;C:\WINDOWS\System32\WindowsPowerShell\v1.0\;C:\WINDOWS\System32\OpenSSH\;C:\Program Files\Intel\WiFi\bin\;C:\Program Files\Common Files\Intel\WirelessCommon\;C:\Users\AbdElNaeemA2\AppData\Local\Microsoft\WindowsApps;C:\Users\AbdElNaeemA2\AppData\Local\Programs\Git\cmd;C:\Program Files\Java\jdk-18\bin;C:\Users\AbdElNaeemA2\k8s;C:\Downloads\pcs-gdc-adfs-saml2aws-master\bin;C:\Downloads\apache-maven-3.8.5;;C:\Users\AbdElNaeemA2\AppData\Local\Programs\Microsoft VS Code\bin;C:\Users\AbdElNaeemA2\AppData\Local\Microsoft\WinGet\Packages\Schniz.fnm_Microsoft.Winget.Source_8wekyb3d8bbwe;;."/>
    <property name="java.vm.info" value="mixed mode, sharing"/>
    <property name="java.vendor" value="Oracle Corporation"/>
    <property name="java.vm.version" value="18+36-2087"/>
    <property name="sun.io.unicode.encoding" value="UnicodeLittle"/>
    <property name="java.class.version" value="62.0"/>
  </properties>
  <testcase name="setBrowserType[Chrome](0)" classname="testRunner.FETestRunner" time="1.256">
    <failure message="Cannot invoke &quot;String.trim()&quot; because the return value of &quot;java.util.Properties.getProperty(String)&quot; is null" type="java.lang.NullPointerException"><![CDATA[java.lang.NullPointerException: Cannot invoke "String.trim()" because the return value of "java.util.Properties.getProperty(String)" is null
	at utilities.readers.PropertiesReader.getPropertyUsingKey(PropertiesReader.java:27)
	at utilities.ConfigUtil.loadTestConfigurations(ConfigUtil.java:32)
	at utilities.TestBase.setBrowserType(TestBase.java:95)
	at java.base/jdk.internal.reflect.DirectMethodHandleAccessor.invoke(DirectMethodHandleAccessor.java:104)
	at java.base/java.lang.reflect.Method.invoke(Method.java:577)
	at org.testng.internal.invokers.MethodInvocationHelper.invokeMethod(MethodInvocationHelper.java:141)
	at org.testng.internal.invokers.MethodInvocationHelper.invokeMethodConsideringTimeout(MethodInvocationHelper.java:71)
	at org.testng.internal.invokers.ConfigInvoker.invokeConfigurationMethod(ConfigInvoker.java:400)
	at org.testng.internal.invokers.ConfigInvoker.invokeConfigurations(ConfigInvoker.java:333)
	at org.testng.TestRunner.invokeTestConfigurations(TestRunner.java:655)
	at org.testng.TestRunner.beforeRun(TestRunner.java:644)
	at org.testng.TestRunner.run(TestRunner.java:610)
	at org.testng.SuiteRunner.runTest(SuiteRunner.java:421)
	at org.testng.SuiteRunner$SuiteWorker.run(SuiteRunner.java:463)
	at org.testng.internal.thread.ThreadUtil.lambda$execute$0(ThreadUtil.java:64)
	at java.base/java.util.concurrent.FutureTask.run(FutureTask.java:264)
	at java.base/java.util.concurrent.ThreadPoolExecutor.runWorker(ThreadPoolExecutor.java:1136)
	at java.base/java.util.concurrent.ThreadPoolExecutor$Worker.run(ThreadPoolExecutor.java:635)
	at java.base/java.lang.Thread.run(Thread.java:833)
]]></failure>
    <system-err><![CDATA[SLF4J: Failed to load class "org.slf4j.impl.StaticLoggerBinder".
SLF4J: Defaulting to no-operation (NOP) logger implementation
SLF4J: See http://www.slf4j.org/codes.html#StaticLoggerBinder for further details.
]]></system-err>
  </testcase>
  <testcase name="setEnvironment" classname="testRunner.FETestRunner" time="0">
    <skipped/>
  </testcase>
  <testcase name="quitDriver" classname="testRunner.FETestRunner" time="0">
    <skipped/>
    <system-err><![CDATA[Jul 16, 2024 10:56:56 PM io.cucumber.core.runtime.FeaturePathFeatureSupplier get
WARNING: No features found at file:/C:/VDFData/Anas/SeleniumProject/SeleniumProject/src/test/java/features/fe/
]]></system-err>
  </testcase>
</testsuite>